[22:18:59] [ServerMain/INFO]: Environment: Environment[sessionHost=https://sessionserver.mojang.com, servicesHost=https://api.minecraftservices.com, profilesHost=https://api.mojang.com, name=PROD]
[22:18:59] [ServerMain/INFO]: No existing world data, creating new world
[22:19:00] [ServerMain/INFO]: Loaded 1461 recipes
[22:19:00] [ServerMain/INFO]: Loaded 1574 advancements
[22:19:00] [Server thread/INFO]: Starting minecraft server version 1.21.10
[22:19:00] [Server thread/INFO]: Loading properties
[22:19:00] [Server thread/INFO]: Default game type: SURVIVAL
[22:19:00] [Server thread/INFO]: Generating keypair
[22:19:01] [Server thread/INFO]: Starting Minecraft server on *:25565
[22:19:01] [Server thread/INFO]: Using epoll channel type
[22:19:01] [Server thread/WARN]: **** SERVER IS RUNNING IN OFFLINE/INSECURE MODE!
[22:19:01] [Server thread/WARN]: The server will make no attempt to authenticate usernames. Beware.
[22:19:01] [Server thread/WARN]: While this makes the game possible to play without internet access, it also opens up the ability for hackers to connect with any username they choose.
[22:19:01] [Server thread/WARN]: To change this, set "online-mode" to "true" in the server.properties file.
[22:19:01] [Server thread/INFO]: Preparing level "world"
[22:19:01] [Server thread/INFO]: Selecting global world spawn...
[22:19:07] [Server thread/INFO]: Loading 0 persistent chunks...
[22:19:07] [Server thread/INFO]: Preparing spawn area: 100%
[22:19:07] [Server thread/INFO]: Time elapsed: 6375 ms
[22:19:07] [Server thread/INFO]: Done (6.691s)! For help, type "help"
[22:19:07] [Server thread/INFO]: Unknown or incomplete command. See below for error
[22:19:07] [Server thread/INFO]: home/codespace/.python/current/bin/python /workspaces/server3/msx.py<--[HERE]
[22:20:07] [Server thread/INFO]: Server empty for 60 seconds, pausing
[22:20:32] [Server thread/INFO]: Unknown or incomplete command. See below for error
[22:20:32] [Server thread/INFO]: <--[HERE]
[22:20:40] [Server thread/INFO]: Bichomad[/127.103.25.127:49469] logged in with entity id 32 at (-143.5, 73.0, 58.5)
[22:20:40] [Server thread/INFO]: Bichomad joined the game
[22:20:55] [Server thread/INFO]: ErosWKHS[/127.97.178.185:39283] logged in with entity id 538 at (-145.5, 63.0, 49.5)
[22:20:55] [Server thread/INFO]: ErosWKHS joined the game
[22:30:46] [Server thread/INFO]: Bichomad has made the advancement [Stone Age]
[22:31:24] [Server thread/INFO]: ErosWKHS has made the advancement [Stone Age]
[22:31:38] [Server thread/INFO]: ErosWKHS has made the advancement [Getting an Upgrade]
[22:31:48] [Server thread/INFO]: Bichomad has made the advancement [Getting an Upgrade]
[22:32:34] [Server thread/INFO]: ErosWKHS has made the advancement [Monster Hunter]
[22:39:11] [Server thread/INFO]: ErosWKHS lost connection: Timed out
[22:39:11] [Server thread/INFO]: ErosWKHS left the game
[22:39:11] [Server thread/WARN]: handleDisconnection() called twice
[22:40:24] [Server thread/INFO]: ErosWKHS[/127.97.178.185:54327] logged in with entity id 5659 at (128.09319170559496, 56.0, -870.9700541417697)
[22:40:24] [Server thread/INFO]: ErosWKHS joined the game
[22:42:27] [Server thread/INFO]: Bichomad has made the advancement [Monster Hunter]
[22:48:26] [Server thread/WARN]: Mismatch in destroy block pos: ja{x=199, y=64, z=-1033} ja{x=199, y=62, z=-1032}
